c:\users\owain\source\repos\fizzgenproject\bin-int\debug\-x64\fizzgen\vc145.pdb
c:\users\owain\source\repos\fizzgenproject\bin-int\debug\-x64\fizzgen\vc145.idb
c:\users\owain\source\repos\fizzgenproject\bin-int\debug\-x64\fizzgen\test.obj
c:\users\owain\source\repos\fizzgenproject\bin-int\debug\-x64\fizzgen\test.h.ifc
c:\users\owain\source\repos\fizzgenproject\bin-int\debug\-x64\fizzgen\test.h.ifc.d.json
c:\users\owain\source\repos\fizzgenproject\bin-int\debug\-x64\fizzgen\test.h.obj
c:\users\owain\source\repos\fizzgenproject\bin\debug\-x64\fizzgen\fizzgen.dll
c:\users\owain\source\repos\fizzgenproject\bin\debug\-x64\fizzgen\fizzgen.pdb
c:\users\owain\source\repos\fizzgenproject\bin-int\debug\-x64\fizzgen\test.h.module.json
c:\users\owain\source\repos\fizzgenproject\bin\debug\-x64\fizzgen\fizzgen.lib
c:\users\owain\source\repos\fizzgenproject\bin\debug\-x64\fizzgen\fizzgen.exp
c:\users\owain\source\repos\fizzgenproject\bin-int\debug\-x64\fizzgen\fizzgen.ilk
c:\users\owain\source\repos\fizzgenproject\bin-int\debug\-x64\fizzgen\fizzgen.vcxproj.filelistabsolute.txt
c:\users\owain\source\repos\fizzgenproject\bin-int\debug\-x64\fizzgen\fizzgen.tlog\cl.command.1.tlog
c:\users\owain\source\repos\fizzgenproject\bin-int\debug\-x64\fizzgen\fizzgen.tlog\cl.items.tlog
c:\users\owain\source\repos\fizzgenproject\bin-int\debug\-x64\fizzgen\fizzgen.tlog\cl.read.1.tlog
c:\users\owain\source\repos\fizzgenproject\bin-int\debug\-x64\fizzgen\fizzgen.tlog\cl.write.1.tlog
c:\users\owain\source\repos\fizzgenproject\bin-int\debug\-x64\fizzgen\fizzgen.tlog\link.command.1.tlog
c:\users\owain\source\repos\fizzgenproject\bin-int\debug\-x64\fizzgen\fizzgen.tlog\link.read.1.tlog
c:\users\owain\source\repos\fizzgenproject\bin-int\debug\-x64\fizzgen\fizzgen.tlog\link.secondary.1.tlog
c:\users\owain\source\repos\fizzgenproject\bin-int\debug\-x64\fizzgen\fizzgen.tlog\link.write.1.tlog
c:\users\owain\source\repos\fizzgenproject\bin-int\debug\-x64\fizzgen\fizzgen_md.tlog\cl.command.1.tlog
c:\users\owain\source\repos\fizzgenproject\bin-int\debug\-x64\fizzgen\fizzgen_md.tlog\microsoft.build.cpptasks.cl.read.1.tlog
c:\users\owain\source\repos\fizzgenproject\bin-int\debug\-x64\fizzgen\fizzgen_md.tlog\microsoft.build.cpptasks.cl.write.1.tlog
